The system is: Linux - 3.10.0-1160.6.1.el7.x86_64 - x86_64
Compiling the C compiler identification source file "CMakeCCompilerId.c" succeeded.
Compiler: /opt/rh/devtoolset-9/root/usr/bin/cc 
Build flags: 
Id flags:  

The output was:
0


Compilation of the C compiler identification source "CMakeCCompilerId.c" produced "a.out"

The C compiler identification is GNU, found in "/home/lk/index_rocksdb/learned-leveldb/build/CMakeFiles/3.17.5/CompilerIdC/a.out"

Compiling the CXX compiler identification source file "CMakeCXXCompilerId.cpp" succeeded.
Compiler: /opt/rh/devtoolset-9/root/usr/bin/c++ 
Build flags: 
Id flags:  

The output was:
0


Compilation of the CXX compiler identification source "CMakeCXXCompilerId.cpp" produced "a.out"

The CXX compiler identification is GNU, found in "/home/lk/index_rocksdb/learned-leveldb/build/CMakeFiles/3.17.5/CompilerIdCXX/a.out"

Determining if the C compiler works passed with the following output:
Change Dir: /home/lk/index_rocksdb/learned-leveldb/build/CMakeFiles/CMakeTmp

Run Build Command(s):/usr/bin/gmake cmTC_8b952/fast && /usr/bin/gmake  -f CMakeFiles/cmTC_8b952.dir/build.make CMakeFiles/cmTC_8b952.dir/build
gmake[1]: Entering directory `/home/lk/index_rocksdb/learned-leveldb/build/CMakeFiles/CMakeTmp'
Building C object CMakeFiles/cmTC_8b952.dir/testCCompiler.c.o
/opt/rh/devtoolset-9/root/usr/bin/cc    -o CMakeFiles/cmTC_8b952.dir/testCCompiler.c.o   -c /home/lk/index_rocksdb/learned-leveldb/build/CMakeFiles/CMakeTmp/testCCompiler.c
Linking C executable cmTC_8b952
/usr/bin/cmake3 -E cmake_link_script CMakeFiles/cmTC_8b952.dir/link.txt --verbose=1
/opt/rh/devtoolset-9/root/usr/bin/cc      CMakeFiles/cmTC_8b952.dir/testCCompiler.c.o  -o cmTC_8b952 
gmake[1]: Leaving directory `/home/lk/index_rocksdb/learned-leveldb/build/CMakeFiles/CMakeTmp'



Detecting C compiler ABI info compiled with the following output:
Change Dir: /home/lk/index_rocksdb/learned-leveldb/build/CMakeFiles/CMakeTmp

Run Build Command(s):/usr/bin/gmake cmTC_ea7ee/fast && /usr/bin/gmake  -f CMakeFiles/cmTC_ea7ee.dir/build.make CMakeFiles/cmTC_ea7ee.dir/build
gmake[1]: Entering directory `/home/lk/index_rocksdb/learned-leveldb/build/CMakeFiles/CMakeTmp'
Building C object CMakeFiles/cmTC_ea7ee.dir/CMakeCCompilerABI.c.o
/opt/rh/devtoolset-9/root/usr/bin/cc   -v -o CMakeFiles/cmTC_ea7ee.dir/CMakeCCompilerABI.c.o   -c /usr/share/cmake3/Modules/CMakeCCompilerABI.c
Using built-in specs.
COLLECT_GCC=/opt/rh/devtoolset-9/root/usr/bin/cc
Target: x86_64-redhat-linux
Configured with: ../configure --enable-bootstrap --enable-languages=c,c++,fortran,lto --prefix=/opt/rh/devtoolset-9/root/usr --mandir=/opt/rh/devtoolset-9/root/usr/share/man --infodir=/opt/rh/devtoolset-9/root/usr/share/info --with-bugurl=http://bugzilla.redhat.com/bugzilla --enable-shared --enable-threads=posix --enable-checking=release --enable-multilib --with-system-zlib --enable-__cxa_atexit --disable-libunwind-exceptions --enable-gnu-unique-object --enable-linker-build-id --with-gcc-major-version-only --with-linker-hash-style=gnu --with-default-libstdcxx-abi=gcc4-compatible --enable-plugin --enable-initfini-array --with-isl=/builddir/build/BUILD/gcc-9.3.1-20200408/obj-x86_64-redhat-linux/isl-install --disable-libmpx --enable-gnu-indirect-function --with-tune=generic --with-arch_32=x86-64 --build=x86_64-redhat-linux
Thread model: posix
gcc version 9.3.1 20200408 (Red Hat 9.3.1-2) (GCC) 
COLLECT_GCC_OPTIONS='-v' '-o' 'CMakeFiles/cmTC_ea7ee.dir/CMakeCCompilerABI.c.o' '-c' '-mtune=generic' '-march=x86-64'
 /opt/rh/devtoolset-9/root/usr/libexec/gcc/x86_64-redhat-linux/9/cc1 -quiet -v /usr/share/cmake3/Modules/CMakeCCompilerABI.c -quiet -dumpbase CMakeCCompilerABI.c -mtune=generic -march=x86-64 -auxbase-strip CMakeFiles/cmTC_ea7ee.dir/CMakeCCompilerABI.c.o -version -o /tmp/ccwxhr7T.s
GNU C17 (GCC) version 9.3.1 20200408 (Red Hat 9.3.1-2) (x86_64-redhat-linux)
	compiled by GNU C version 9.3.1 20200408 (Red Hat 9.3.1-2), GMP version 6.0.0, MPFR version 3.1.1, MPC version 1.0.1, isl version isl-0.16.1-GMP

GGC heuristics: --param ggc-min-expand=100 --param ggc-min-heapsize=131072
ignoring nonexistent directory "/opt/rh/devtoolset-9/root/usr/lib/gcc/x86_64-redhat-linux/9/include-fixed"
ignoring nonexistent directory "/opt/rh/devtoolset-9/root/usr/lib/gcc/x86_64-redhat-linux/9/../../../../x86_64-redhat-linux/include"
#include "..." search starts here:
#include <...> search starts here:
 /opt/rh/devtoolset-9/root/usr/lib/gcc/x86_64-redhat-linux/9/include
 /usr/local/include
 /opt/rh/devtoolset-9/root/usr/include
 /usr/include
End of search list.
GNU C17 (GCC) version 9.3.1 20200408 (Red Hat 9.3.1-2) (x86_64-redhat-linux)
	compiled by GNU C version 9.3.1 20200408 (Red Hat 9.3.1-2), GMP version 6.0.0, MPFR version 3.1.1, MPC version 1.0.1, isl version isl-0.16.1-GMP

GGC heuristics: --param ggc-min-expand=100 --param ggc-min-heapsize=131072
Compiler executable checksum: 4d29869020d59f59ddd5b44c083cb3ba
COLLECT_GCC_OPTIONS='-v' '-o' 'CMakeFiles/cmTC_ea7ee.dir/CMakeCCompilerABI.c.o' '-c' '-mtune=generic' '-march=x86-64'
 /opt/rh/devtoolset-9/root/usr/libexec/gcc/x86_64-redhat-linux/9/as -v --64 -o CMakeFiles/cmTC_ea7ee.dir/CMakeCCompilerABI.c.o /tmp/ccwxhr7T.s
GNU assembler version 2.32 (x86_64-redhat-linux) using BFD version version 2.32-16.el7
COMPILER_PATH=/opt/rh/devtoolset-9/root/usr/libexec/gcc/x86_64-redhat-linux/9/:/opt/rh/devtoolset-9/root/usr/libexec/gcc/x86_64-redhat-linux/9/:/opt/rh/devtoolset-9/root/usr/libexec/gcc/x86_64-redhat-linux/:/opt/rh/devtoolset-9/root/usr/lib/gcc/x86_64-redhat-linux/9/:/opt/rh/devtoolset-9/root/usr/lib/gcc/x86_64-redhat-linux/
LIBRARY_PATH=/opt/rh/devtoolset-9/root/usr/lib/gcc/x86_64-redhat-linux/9/:/opt/rh/devtoolset-9/root/usr/lib/gcc/x86_64-redhat-linux/9/../../../../lib64/:/lib/../lib64/:/usr/lib/../lib64/:/opt/rh/devtoolset-9/root/usr/lib/gcc/x86_64-redhat-linux/9/../../../:/lib/:/usr/lib/
COLLECT_GCC_OPTIONS='-v' '-o' 'CMakeFiles/cmTC_ea7ee.dir/CMakeCCompilerABI.c.o' '-c' '-mtune=generic' '-march=x86-64'
Linking C executable cmTC_ea7ee
/usr/bin/cmake3 -E cmake_link_script CMakeFiles/cmTC_ea7ee.dir/link.txt --verbose=1
/opt/rh/devtoolset-9/root/usr/bin/cc     -v CMakeFiles/cmTC_ea7ee.dir/CMakeCCompilerABI.c.o  -o cmTC_ea7ee 
Using built-in specs.
COLLECT_GCC=/opt/rh/devtoolset-9/root/usr/bin/cc
COLLECT_LTO_WRAPPER=/opt/rh/devtoolset-9/root/usr/libexec/gcc/x86_64-redhat-linux/9/lto-wrapper
Target: x86_64-redhat-linux
Configured with: ../configure --enable-bootstrap --enable-languages=c,c++,fortran,lto --prefix=/opt/rh/devtoolset-9/root/usr --mandir=/opt/rh/devtoolset-9/root/usr/share/man --infodir=/opt/rh/devtoolset-9/root/usr/share/info --with-bugurl=http://bugzilla.redhat.com/bugzilla --enable-shared --enable-threads=posix --enable-checking=release --enable-multilib --with-system-zlib --enable-__cxa_atexit --disable-libunwind-exceptions --enable-gnu-unique-object --enable-linker-build-id --with-gcc-major-version-only --with-linker-hash-style=gnu --with-default-libstdcxx-abi=gcc4-compatible --enable-plugin --enable-initfini-array --with-isl=/builddir/build/BUILD/gcc-9.3.1-20200408/obj-x86_64-redhat-linux/isl-install --disable-libmpx --enable-gnu-indirect-function --with-tune=generic --with-arch_32=x86-64 --build=x86_64-redhat-linux
Thread model: posix
gcc version 9.3.1 20200408 (Red Hat 9.3.1-2) (GCC) 
COMPILER_PATH=/opt/rh/devtoolset-9/root/usr/libexec/gcc/x86_64-redhat-linux/9/:/opt/rh/devtoolset-9/root/usr/libexec/gcc/x86_64-redhat-linux/9/:/opt/rh/devtoolset-9/root/usr/libexec/gcc/x86_64-redhat-linux/:/opt/rh/devtoolset-9/root/usr/lib/gcc/x86_64-redhat-linux/9/:/opt/rh/devtoolset-9/root/usr/lib/gcc/x86_64-redhat-linux/
LIBRARY_PATH=/opt/rh/devtoolset-9/root/usr/lib/gcc/x86_64-redhat-linux/9/:/opt/rh/devtoolset-9/root/usr/lib/gcc/x86_64-redhat-linux/9/../../../../lib64/:/lib/../lib64/:/usr/lib/../lib64/:/opt/rh/devtoolset-9/root/usr/lib/gcc/x86_64-redhat-linux/9/../../../:/lib/:/usr/lib/
COLLECT_GCC_OPTIONS='-v' '-o' 'cmTC_ea7ee' '-mtune=generic' '-march=x86-64'
 /opt/rh/devtoolset-9/root/usr/libexec/gcc/x86_64-redhat-linux/9/collect2 -plugin /opt/rh/devtoolset-9/root/usr/libexec/gcc/x86_64-redhat-linux/9/liblto_plugin.so -plugin-opt=/opt/rh/devtoolset-9/root/usr/libexec/gcc/x86_64-redhat-linux/9/lto-wrapper -plugin-opt=-fresolution=/tmp/cc56kzOW.res -plugin-opt=-pass-through=-lgcc -plugin-opt=-pass-through=-lgcc_s -plugin-opt=-pass-through=-lc -plugin-opt=-pass-through=-lgcc -plugin-opt=-pass-through=-lgcc_s --build-id --no-add-needed --eh-frame-hdr --hash-style=gnu -m elf_x86_64 -dynamic-linker /lib64/ld-linux-x86-64.so.2 -o cmTC_ea7ee /lib/../lib64/crt1.o /lib/../lib64/crti.o /opt/rh/devtoolset-9/root/usr/lib/gcc/x86_64-redhat-linux/9/crtbegin.o -L/opt/rh/devtoolset-9/root/usr/lib/gcc/x86_64-redhat-linux/9 -L/opt/rh/devtoolset-9/root/usr/lib/gcc/x86_64-redhat-linux/9/../../../../lib64 -L/lib/../lib64 -L/usr/lib/../lib64 -L/opt/rh/devtoolset-9/root/usr/lib/gcc/x86_64-redhat-linux/9/../../.. CMakeFiles/cmTC_ea7ee.dir/CMakeCCompilerABI.c.o -lgcc --push-state --as-needed -lgcc_s --pop-state -lc -lgcc --push-state --as-needed -lgcc_s --pop-state /opt/rh/devtoolset-9/root/usr/lib/gcc/x86_64-redhat-linux/9/crtend.o /lib/../lib64/crtn.o
COLLECT_GCC_OPTIONS='-v' '-o' 'cmTC_ea7ee' '-mtune=generic' '-march=x86-64'
gmake[1]: Leaving directory `/home/lk/index_rocksdb/learned-leveldb/build/CMakeFiles/CMakeTmp'



Parsed C implicit include dir info from above output: rv=done
  found start of include info
  found start of implicit include info
    add: [/opt/rh/devtoolset-9/root/usr/lib/gcc/x86_64-redhat-linux/9/include]
    add: [/usr/local/include]
    add: [/opt/rh/devtoolset-9/root/usr/include]
    add: [/usr/include]
  end of search list found
  collapse include dir [/opt/rh/devtoolset-9/root/usr/lib/gcc/x86_64-redhat-linux/9/include] ==> [/opt/rh/devtoolset-9/root/usr/lib/gcc/x86_64-redhat-linux/9/include]
  collapse include dir [/usr/local/include] ==> [/usr/local/include]
  collapse include dir [/opt/rh/devtoolset-9/root/usr/include] ==> [/opt/rh/devtoolset-9/root/usr/include]
  collapse include dir [/usr/include] ==> [/usr/include]
  implicit include dirs: [/opt/rh/devtoolset-9/root/usr/lib/gcc/x86_64-redhat-linux/9/include;/usr/local/include;/opt/rh/devtoolset-9/root/usr/include;/usr/include]


Parsed C implicit link information from above output:
  link line regex: [^( *|.*[/\])(ld|CMAKE_LINK_STARTFILE-NOTFOUND|([^/\]+-)?ld|collect2)[^/\]*( |$)]
  ignore line: [Change Dir: /home/lk/index_rocksdb/learned-leveldb/build/CMakeFiles/CMakeTmp]
  ignore line: []
  ignore line: [Run Build Command(s):/usr/bin/gmake cmTC_ea7ee/fast && /usr/bin/gmake  -f CMakeFiles/cmTC_ea7ee.dir/build.make CMakeFiles/cmTC_ea7ee.dir/build]
  ignore line: [gmake[1]: Entering directory `/home/lk/index_rocksdb/learned-leveldb/build/CMakeFiles/CMakeTmp']
  ignore line: [Building C object CMakeFiles/cmTC_ea7ee.dir/CMakeCCompilerABI.c.o]
  ignore line: [/opt/rh/devtoolset-9/root/usr/bin/cc   -v -o CMakeFiles/cmTC_ea7ee.dir/CMakeCCompilerABI.c.o   -c /usr/share/cmake3/Modules/CMakeCCompilerABI.c]
  ignore line: [Using built-in specs.]
  ignore line: [COLLECT_GCC=/opt/rh/devtoolset-9/root/usr/bin/cc]
  ignore line: [Target: x86_64-redhat-linux]
  ignore line: [Configured with: ../configure --enable-bootstrap --enable-languages=c c++ fortran lto --prefix=/opt/rh/devtoolset-9/root/usr --mandir=/opt/rh/devtoolset-9/root/usr/share/man --infodir=/opt/rh/devtoolset-9/root/usr/share/info --with-bugurl=http://bugzilla.redhat.com/bugzilla --enable-shared --enable-threads=posix --enable-checking=release --enable-multilib --with-system-zlib --enable-__cxa_atexit --disable-libunwind-exceptions --enable-gnu-unique-object --enable-linker-build-id --with-gcc-major-version-only --with-linker-hash-style=gnu --with-default-libstdcxx-abi=gcc4-compatible --enable-plugin --enable-initfini-array --with-isl=/builddir/build/BUILD/gcc-9.3.1-20200408/obj-x86_64-redhat-linux/isl-install --disable-libmpx --enable-gnu-indirect-function --with-tune=generic --with-arch_32=x86-64 --build=x86_64-redhat-linux]
  ignore line: [Thread model: posix]
  ignore line: [gcc version 9.3.1 20200408 (Red Hat 9.3.1-2) (GCC) ]
  ignore line: [COLLECT_GCC_OPTIONS='-v' '-o' 'CMakeFiles/cmTC_ea7ee.dir/CMakeCCompilerABI.c.o' '-c' '-mtune=generic' '-march=x86-64']
  ignore line: [ /opt/rh/devtoolset-9/root/usr/libexec/gcc/x86_64-redhat-linux/9/cc1 -quiet -v /usr/share/cmake3/Modules/CMakeCCompilerABI.c -quiet -dumpbase CMakeCCompilerABI.c -mtune=generic -march=x86-64 -auxbase-strip CMakeFiles/cmTC_ea7ee.dir/CMakeCCompilerABI.c.o -version -o /tmp/ccwxhr7T.s]
  ignore line: [GNU C17 (GCC) version 9.3.1 20200408 (Red Hat 9.3.1-2) (x86_64-redhat-linux)]
  ignore line: [	compiled by GNU C version 9.3.1 20200408 (Red Hat 9.3.1-2)  GMP version 6.0.0  MPFR version 3.1.1  MPC version 1.0.1  isl version isl-0.16.1-GMP]
  ignore line: []
  ignore line: [GGC heuristics: --param ggc-min-expand=100 --param ggc-min-heapsize=131072]
  ignore line: [ignoring nonexistent directory "/opt/rh/devtoolset-9/root/usr/lib/gcc/x86_64-redhat-linux/9/include-fixed"]
  ignore line: [ignoring nonexistent directory "/opt/rh/devtoolset-9/root/usr/lib/gcc/x86_64-redhat-linux/9/../../../../x86_64-redhat-linux/include"]
  ignore line: [#include "..." search starts here:]
  ignore line: [#include <...> search starts here:]
  ignore line: [ /opt/rh/devtoolset-9/root/usr/lib/gcc/x86_64-redhat-linux/9/include]
  ignore line: [ /usr/local/include]
  ignore line: [ /opt/rh/devtoolset-9/root/usr/include]
  ignore line: [ /usr/include]
  ignore line: [End of search list.]
  ignore line: [GNU C17 (GCC) version 9.3.1 20200408 (Red Hat 9.3.1-2) (x86_64-redhat-linux)]
  ignore line: [	compiled by GNU C version 9.3.1 20200408 (Red Hat 9.3.1-2)  GMP version 6.0.0  MPFR version 3.1.1  MPC version 1.0.1  isl version isl-0.16.1-GMP]
  ignore line: []
  ignore line: [GGC heuristics: --param ggc-min-expand=100 --param ggc-min-heapsize=131072]
  ignore line: [Compiler executable checksum: 4d29869020d59f59ddd5b44c083cb3ba]
  ignore line: [COLLECT_GCC_OPTIONS='-v' '-o' 'CMakeFiles/cmTC_ea7ee.dir/CMakeCCompilerABI.c.o' '-c' '-mtune=generic' '-march=x86-64']
  ignore line: [ /opt/rh/devtoolset-9/root/usr/libexec/gcc/x86_64-redhat-linux/9/as -v --64 -o CMakeFiles/cmTC_ea7ee.dir/CMakeCCompilerABI.c.o /tmp/ccwxhr7T.s]
  ignore line: [GNU assembler version 2.32 (x86_64-redhat-linux) using BFD version version 2.32-16.el7]
  ignore line: [COMPILER_PATH=/opt/rh/devtoolset-9/root/usr/libexec/gcc/x86_64-redhat-linux/9/:/opt/rh/devtoolset-9/root/usr/libexec/gcc/x86_64-redhat-linux/9/:/opt/rh/devtoolset-9/root/usr/libexec/gcc/x86_64-redhat-linux/:/opt/rh/devtoolset-9/root/usr/lib/gcc/x86_64-redhat-linux/9/:/opt/rh/devtoolset-9/root/usr/lib/gcc/x86_64-redhat-linux/]
  ignore line: [LIBRARY_PATH=/opt/rh/devtoolset-9/root/usr/lib/gcc/x86_64-redhat-linux/9/:/opt/rh/devtoolset-9/root/usr/lib/gcc/x86_64-redhat-linux/9/../../../../lib64/:/lib/../lib64/:/usr/lib/../lib64/:/opt/rh/devtoolset-9/root/usr/lib/gcc/x86_64-redhat-linux/9/../../../:/lib/:/usr/lib/]
  ignore line: [COLLECT_GCC_OPTIONS='-v' '-o' 'CMakeFiles/cmTC_ea7ee.dir/CMakeCCompilerABI.c.o' '-c' '-mtune=generic' '-march=x86-64']
  ignore line: [Linking C executable cmTC_ea7ee]
  ignore line: [/usr/bin/cmake3 -E cmake_link_script CMakeFiles/cmTC_ea7ee.dir/link.txt --verbose=1]
  ignore line: [/opt/rh/devtoolset-9/root/usr/bin/cc     -v CMakeFiles/cmTC_ea7ee.dir/CMakeCCompilerABI.c.o  -o cmTC_ea7ee ]
  ignore line: [Using built-in specs.]
  ignore line: [COLLECT_GCC=/opt/rh/devtoolset-9/root/usr/bin/cc]
  ignore line: [COLLECT_LTO_WRAPPER=/opt/rh/devtoolset-9/root/usr/libexec/gcc/x86_64-redhat-linux/9/lto-wrapper]
  ignore line: [Target: x86_64-redhat-linux]
  ignore line: [Configured with: ../configure --enable-bootstrap --enable-languages=c c++ fortran lto --prefix=/opt/rh/devtoolset-9/root/usr --mandir=/opt/rh/devtoolset-9/root/usr/share/man --infodir=/opt/rh/devtoolset-9/root/usr/share/info --with-bugurl=http://bugzilla.redhat.com/bugzilla --enable-shared --enable-threads=posix --enable-checking=release --enable-multilib --with-system-zlib --enable-__cxa_atexit --disable-libunwind-exceptions --enable-gnu-unique-object --enable-linker-build-id --with-gcc-major-version-only --with-linker-hash-style=gnu --with-default-libstdcxx-abi=gcc4-compatible --enable-plugin --enable-initfini-array --with-isl=/builddir/build/BUILD/gcc-9.3.1-20200408/obj-x86_64-redhat-linux/isl-install --disable-libmpx --enable-gnu-indirect-function --with-tune=generic --with-arch_32=x86-64 --build=x86_64-redhat-linux]
  ignore line: [Thread model: posix]
  ignore line: [gcc version 9.3.1 20200408 (Red Hat 9.3.1-2) (GCC) ]
  ignore line: [COMPILER_PATH=/opt/rh/devtoolset-9/root/usr/libexec/gcc/x86_64-redhat-linux/9/:/opt/rh/devtoolset-9/root/usr/libexec/gcc/x86_64-redhat-linux/9/:/opt/rh/devtoolset-9/root/usr/libexec/gcc/x86_64-redhat-linux/:/opt/rh/devtoolset-9/root/usr/lib/gcc/x86_64-redhat-linux/9/:/opt/rh/devtoolset-9/root/usr/lib/gcc/x86_64-redhat-linux/]
  ignore line: [LIBRARY_PATH=/opt/rh/devtoolset-9/root/usr/lib/gcc/x86_64-redhat-linux/9/:/opt/rh/devtoolset-9/root/usr/lib/gcc/x86_64-redhat-linux/9/../../../../lib64/:/lib/../lib64/:/usr/lib/../lib64/:/opt/rh/devtoolset-9/root/usr/lib/gcc/x86_64-redhat-linux/9/../../../:/lib/:/usr/lib/]
  ignore line: [COLLECT_GCC_OPTIONS='-v' '-o' 'cmTC_ea7ee' '-mtune=generic' '-march=x86-64']
  link line: [ /opt/rh/devtoolset-9/root/usr/libexec/gcc/x86_64-redhat-linux/9/collect2 -plugin /opt/rh/devtoolset-9/root/usr/libexec/gcc/x86_64-redhat-linux/9/liblto_plugin.so -plugin-opt=/opt/rh/devtoolset-9/root/usr/libexec/gcc/x86_64-redhat-linux/9/lto-wrapper -plugin-opt=-fresolution=/tmp/cc56kzOW.res -plugin-opt=-pass-through=-lgcc -plugin-opt=-pass-through=-lgcc_s -plugin-opt=-pass-through=-lc -plugin-opt=-pass-through=-lgcc -plugin-opt=-pass-through=-lgcc_s --build-id --no-add-needed --eh-frame-hdr --hash-style=gnu -m elf_x86_64 -dynamic-linker /lib64/ld-linux-x86-64.so.2 -o cmTC_ea7ee /lib/../lib64/crt1.o /lib/../lib64/crti.o /opt/rh/devtoolset-9/root/usr/lib/gcc/x86_64-redhat-linux/9/crtbegin.o -L/opt/rh/devtoolset-9/root/usr/lib/gcc/x86_64-redhat-linux/9 -L/opt/rh/devtoolset-9/root/usr/lib/gcc/x86_64-redhat-linux/9/../../../../lib64 -L/lib/../lib64 -L/usr/lib/../lib64 -L/opt/rh/devtoolset-9/root/usr/lib/gcc/x86_64-redhat-linux/9/../../.. CMakeFiles/cmTC_ea7ee.dir/CMakeCCompilerABI.c.o -lgcc --push-state --as-needed -lgcc_s --pop-state -lc -lgcc --push-state --as-needed -lgcc_s --pop-state /opt/rh/devtoolset-9/root/usr/lib/gcc/x86_64-redhat-linux/9/crtend.o /lib/../lib64/crtn.o]
    arg [/opt/rh/devtoolset-9/root/usr/libexec/gcc/x86_64-redhat-linux/9/collect2] ==> ignore
    arg [-plugin] ==> ignore
    arg [/opt/rh/devtoolset-9/root/usr/libexec/gcc/x86_64-redhat-linux/9/liblto_plugin.so] ==> ignore
    arg [-plugin-opt=/opt/rh/devtoolset-9/root/usr/libexec/gcc/x86_64-redhat-linux/9/lto-wrapper] ==> ignore
    arg [-plugin-opt=-fresolution=/tmp/cc56kzOW.res] ==> ignore
    arg [-plugin-opt=-pass-through=-lgcc] ==> ignore
    arg [-plugin-opt=-pass-through=-lgcc_s] ==> ignore
    arg [-plugin-opt=-pass-through=-lc] ==> ignore
    arg [-plugin-opt=-pass-through=-lgcc] ==> ignore
    arg [-plugin-opt=-pass-through=-lgcc_s] ==> ignore
    arg [--build-id] ==> ignore
    arg [--no-add-needed] ==> ignore
    arg [--eh-frame-hdr] ==> ignore
    arg [--hash-style=gnu] ==> ignore
    arg [-m] ==> ignore
    arg [elf_x86_64] ==> ignore
    arg [-dynamic-linker] ==> ignore
    arg [/lib64/ld-linux-x86-64.so.2] ==> ignore
    arg [-o] ==> ignore
    arg [cmTC_ea7ee] ==> ignore
    arg [/lib/../lib64/crt1.o] ==> ignore
    arg [/lib/../lib64/crti.o] ==> ignore
    arg [/opt/rh/devtoolset-9/root/usr/lib/gcc/x86_64-redhat-linux/9/crtbegin.o] ==> ignore
    arg [-L/opt/rh/devtoolset-9/root/usr/lib/gcc/x86_64-redhat-linux/9] ==> dir [/opt/rh/devtoolset-9/root/usr/lib/gcc/x86_64-redhat-linux/9]
    arg [-L/opt/rh/devtoolset-9/root/usr/lib/gcc/x86_64-redhat-linux/9/../../../../lib64] ==> dir [/opt/rh/devtoolset-9/root/usr/lib/gcc/x86_64-redhat-linux/9/../../../../lib64]
    arg [-L/lib/../lib64] ==> dir [/lib/../lib64]
    arg [-L/usr/lib/../lib64] ==> dir [/usr/lib/../lib64]
    arg [-L/opt/rh/devtoolset-9/root/usr/lib/gcc/x86_64-redhat-linux/9/../../..] ==> dir [/opt/rh/devtoolset-9/root/usr/lib/gcc/x86_64-redhat-linux/9/../../..]
    arg [CMakeFiles/cmTC_ea7ee.dir/CMakeCCompilerABI.c.o] ==> ignore
    arg [-lgcc] ==> lib [gcc]
    arg [--push-state] ==> ignore
    arg [--as-needed] ==> ignore
    arg [-lgcc_s] ==> lib [gcc_s]
    arg [--pop-state] ==> ignore
    arg [-lc] ==> lib [c]
    arg [-lgcc] ==> lib [gcc]
    arg [--push-state] ==> ignore
    arg [--as-needed] ==> ignore
    arg [-lgcc_s] ==> lib [gcc_s]
    arg [--pop-state] ==> ignore
    arg [/opt/rh/devtoolset-9/root/usr/lib/gcc/x86_64-redhat-linux/9/crtend.o] ==> ignore
    arg [/lib/../lib64/crtn.o] ==> ignore
  collapse library dir [/opt/rh/devtoolset-9/root/usr/lib/gcc/x86_64-redhat-linux/9] ==> [/opt/rh/devtoolset-9/root/usr/lib/gcc/x86_64-redhat-linux/9]
  collapse library dir [/opt/rh/devtoolset-9/root/usr/lib/gcc/x86_64-redhat-linux/9/../../../../lib64] ==> [/opt/rh/devtoolset-9/root/usr/lib64]
  collapse library dir [/lib/../lib64] ==> [/lib64]
  collapse library dir [/usr/lib/../lib64] ==> [/usr/lib64]
  collapse library dir [/opt/rh/devtoolset-9/root/usr/lib/gcc/x86_64-redhat-linux/9/../../..] ==> [/opt/rh/devtoolset-9/root/usr/lib]
  implicit libs: [gcc;gcc_s;c;gcc;gcc_s]
  implicit dirs: [/opt/rh/devtoolset-9/root/usr/lib/gcc/x86_64-redhat-linux/9;/opt/rh/devtoolset-9/root/usr/lib64;/lib64;/usr/lib64;/opt/rh/devtoolset-9/root/usr/lib]
  implicit fwks: []


Determining if the CXX compiler works passed with the following output:
Change Dir: /home/lk/index_rocksdb/learned-leveldb/build/CMakeFiles/CMakeTmp

Run Build Command(s):/usr/bin/gmake cmTC_b8c09/fast && /usr/bin/gmake  -f CMakeFiles/cmTC_b8c09.dir/build.make CMakeFiles/cmTC_b8c09.dir/build
gmake[1]: Entering directory `/home/lk/index_rocksdb/learned-leveldb/build/CMakeFiles/CMakeTmp'
Building CXX object CMakeFiles/cmTC_b8c09.dir/testCXXCompiler.cxx.o
/opt/rh/devtoolset-9/root/usr/bin/c++     -o CMakeFiles/cmTC_b8c09.dir/testCXXCompiler.cxx.o -c /home/lk/index_rocksdb/learned-leveldb/build/CMakeFiles/CMakeTmp/testCXXCompiler.cxx
Linking CXX executable cmTC_b8c09
/usr/bin/cmake3 -E cmake_link_script CMakeFiles/cmTC_b8c09.dir/link.txt --verbose=1
/opt/rh/devtoolset-9/root/usr/bin/c++       CMakeFiles/cmTC_b8c09.dir/testCXXCompiler.cxx.o  -o cmTC_b8c09 
gmake[1]: Leaving directory `/home/lk/index_rocksdb/learned-leveldb/build/CMakeFiles/CMakeTmp'



Detecting CXX compiler ABI info compiled with the following output:
Change Dir: /home/lk/index_rocksdb/learned-leveldb/build/CMakeFiles/CMakeTmp

Run Build Command(s):/usr/bin/gmake cmTC_be989/fast && /usr/bin/gmake  -f CMakeFiles/cmTC_be989.dir/build.make CMakeFiles/cmTC_be989.dir/build
gmake[1]: Entering directory `/home/lk/index_rocksdb/learned-leveldb/build/CMakeFiles/CMakeTmp'
Building CXX object CMakeFiles/cmTC_be989.dir/CMakeCXXCompilerABI.cpp.o
/opt/rh/devtoolset-9/root/usr/bin/c++    -v -o CMakeFiles/cmTC_be989.dir/CMakeCXXCompilerABI.cpp.o -c /usr/share/cmake3/Modules/CMakeCXXCompilerABI.cpp
Using built-in specs.
COLLECT_GCC=/opt/rh/devtoolset-9/root/usr/bin/c++
Target: x86_64-redhat-linux
Configured with: ../configure --enable-bootstrap --enable-languages=c,c++,fortran,lto --prefix=/opt/rh/devtoolset-9/root/usr --mandir=/opt/rh/devtoolset-9/root/usr/share/man --infodir=/opt/rh/devtoolset-9/root/usr/share/info --with-bugurl=http://bugzilla.redhat.com/bugzilla --enable-shared --enable-threads=posix --enable-checking=release --enable-multilib --with-system-zlib --enable-__cxa_atexit --disable-libunwind-exceptions --enable-gnu-unique-object --enable-linker-build-id --with-gcc-major-version-only --with-linker-hash-style=gnu --with-default-libstdcxx-abi=gcc4-compatible --enable-plugin --enable-initfini-array --with-isl=/builddir/build/BUILD/gcc-9.3.1-20200408/obj-x86_64-redhat-linux/isl-install --disable-libmpx --enable-gnu-indirect-function --with-tune=generic --with-arch_32=x86-64 --build=x86_64-redhat-linux
Thread model: posix
gcc version 9.3.1 20200408 (Red Hat 9.3.1-2) (GCC) 
COLLECT_GCC_OPTIONS='-v' '-o' 'CMakeFiles/cmTC_be989.dir/CMakeCXXCompilerABI.cpp.o' '-c' '-shared-libgcc' '-mtune=generic' '-march=x86-64'
 /opt/rh/devtoolset-9/root/usr/libexec/gcc/x86_64-redhat-linux/9/cc1plus -quiet -v -D_GNU_SOURCE /usr/share/cmake3/Modules/CMakeCXXCompilerABI.cpp -quiet -dumpbase CMakeCXXCompilerABI.cpp -mtune=generic -march=x86-64 -auxbase-strip CMakeFiles/cmTC_be989.dir/CMakeCXXCompilerABI.cpp.o -version -o /tmp/cc2ehAVa.s
GNU C++14 (GCC) version 9.3.1 20200408 (Red Hat 9.3.1-2) (x86_64-redhat-linux)
	compiled by GNU C version 9.3.1 20200408 (Red Hat 9.3.1-2), GMP version 6.0.0, MPFR version 3.1.1, MPC version 1.0.1, isl version isl-0.16.1-GMP

GGC heuristics: --param ggc-min-expand=100 --param ggc-min-heapsize=131072
ignoring nonexistent directory "/opt/rh/devtoolset-9/root/usr/lib/gcc/x86_64-redhat-linux/9/include-fixed"
ignoring nonexistent directory "/opt/rh/devtoolset-9/root/usr/lib/gcc/x86_64-redhat-linux/9/../../../../x86_64-redhat-linux/include"
#include "..." search starts here:
#include <...> search starts here:
 /opt/rh/devtoolset-9/root/usr/lib/gcc/x86_64-redhat-linux/9/../../../../include/c++/9
 /opt/rh/devtoolset-9/root/usr/lib/gcc/x86_64-redhat-linux/9/../../../../include/c++/9/x86_64-redhat-linux
 /opt/rh/devtoolset-9/root/usr/lib/gcc/x86_64-redhat-linux/9/../../../../include/c++/9/backward
 /opt/rh/devtoolset-9/root/usr/lib/gcc/x86_64-redhat-linux/9/include
 /usr/local/include
 /opt/rh/devtoolset-9/root/usr/include
 /usr/include
End of search list.
GNU C++14 (GCC) version 9.3.1 20200408 (Red Hat 9.3.1-2) (x86_64-redhat-linux)
	compiled by GNU C version 9.3.1 20200408 (Red Hat 9.3.1-2), GMP version 6.0.0, MPFR version 3.1.1, MPC version 1.0.1, isl version isl-0.16.1-GMP

GGC heuristics: --param ggc-min-expand=100 --param ggc-min-heapsize=131072
Compiler executable checksum: f9f1d407bd5ba6ce64aae66ae4d26681
COLLECT_GCC_OPTIONS='-v' '-o' 'CMakeFiles/cmTC_be989.dir/CMakeCXXCompilerABI.cpp.o' '-c' '-shared-libgcc' '-mtune=generic' '-march=x86-64'
 /opt/rh/devtoolset-9/root/usr/libexec/gcc/x86_64-redhat-linux/9/as -v --64 -o CMakeFiles/cmTC_be989.dir/CMakeCXXCompilerABI.cpp.o /tmp/cc2ehAVa.s
GNU assembler version 2.32 (x86_64-redhat-linux) using BFD version version 2.32-16.el7
COMPILER_PATH=/opt/rh/devtoolset-9/root/usr/libexec/gcc/x86_64-redhat-linux/9/:/opt/rh/devtoolset-9/root/usr/libexec/gcc/x86_64-redhat-linux/9/:/opt/rh/devtoolset-9/root/usr/libexec/gcc/x86_64-redhat-linux/:/opt/rh/devtoolset-9/root/usr/lib/gcc/x86_64-redhat-linux/9/:/opt/rh/devtoolset-9/root/usr/lib/gcc/x86_64-redhat-linux/
LIBRARY_PATH=/opt/rh/devtoolset-9/root/usr/lib/gcc/x86_64-redhat-linux/9/:/opt/rh/devtoolset-9/root/usr/lib/gcc/x86_64-redhat-linux/9/../../../../lib64/:/lib/../lib64/:/usr/lib/../lib64/:/opt/rh/devtoolset-9/root/usr/lib/gcc/x86_64-redhat-linux/9/../../../:/lib/:/usr/lib/
COLLECT_GCC_OPTIONS='-v' '-o' 'CMakeFiles/cmTC_be989.dir/CMakeCXXCompilerABI.cpp.o' '-c' '-shared-libgcc' '-mtune=generic' '-march=x86-64'
Linking CXX executable cmTC_be989
/usr/bin/cmake3 -E cmake_link_script CMakeFiles/cmTC_be989.dir/link.txt --verbose=1
/opt/rh/devtoolset-9/root/usr/bin/c++      -v CMakeFiles/cmTC_be989.dir/CMakeCXXCompilerABI.cpp.o  -o cmTC_be989 
Using built-in specs.
COLLECT_GCC=/opt/rh/devtoolset-9/root/usr/bin/c++
COLLECT_LTO_WRAPPER=/opt/rh/devtoolset-9/root/usr/libexec/gcc/x86_64-redhat-linux/9/lto-wrapper
Target: x86_64-redhat-linux
Configured with: ../configure --enable-bootstrap --enable-languages=c,c++,fortran,lto --prefix=/opt/rh/devtoolset-9/root/usr --mandir=/opt/rh/devtoolset-9/root/usr/share/man --infodir=/opt/rh/devtoolset-9/root/usr/share/info --with-bugurl=http://bugzilla.redhat.com/bugzilla --enable-shared --enable-threads=posix --enable-checking=release --enable-multilib --with-system-zlib --enable-__cxa_atexit --disable-libunwind-exceptions --enable-gnu-unique-object --enable-linker-build-id --with-gcc-major-version-only --with-linker-hash-style=gnu --with-default-libstdcxx-abi=gcc4-compatible --enable-plugin --enable-initfini-array --with-isl=/builddir/build/BUILD/gcc-9.3.1-20200408/obj-x86_64-redhat-linux/isl-install --disable-libmpx --enable-gnu-indirect-function --with-tune=generic --with-arch_32=x86-64 --build=x86_64-redhat-linux
Thread model: posix
gcc version 9.3.1 20200408 (Red Hat 9.3.1-2) (GCC) 
COMPILER_PATH=/opt/rh/devtoolset-9/root/usr/libexec/gcc/x86_64-redhat-linux/9/:/opt/rh/devtoolset-9/root/usr/libexec/gcc/x86_64-redhat-linux/9/:/opt/rh/devtoolset-9/root/usr/libexec/gcc/x86_64-redhat-linux/:/opt/rh/devtoolset-9/root/usr/lib/gcc/x86_64-redhat-linux/9/:/opt/rh/devtoolset-9/root/usr/lib/gcc/x86_64-redhat-linux/
LIBRARY_PATH=/opt/rh/devtoolset-9/root/usr/lib/gcc/x86_64-redhat-linux/9/:/opt/rh/devtoolset-9/root/usr/lib/gcc/x86_64-redhat-linux/9/../../../../lib64/:/lib/../lib64/:/usr/lib/../lib64/:/opt/rh/devtoolset-9/root/usr/lib/gcc/x86_64-redhat-linux/9/../../../:/lib/:/usr/lib/
COLLECT_GCC_OPTIONS='-v' '-o' 'cmTC_be989' '-shared-libgcc' '-mtune=generic' '-march=x86-64'
 /opt/rh/devtoolset-9/root/usr/libexec/gcc/x86_64-redhat-linux/9/collect2 -plugin /opt/rh/devtoolset-9/root/usr/libexec/gcc/x86_64-redhat-linux/9/liblto_plugin.so -plugin-opt=/opt/rh/devtoolset-9/root/usr/libexec/gcc/x86_64-redhat-linux/9/lto-wrapper -plugin-opt=-fresolution=/tmp/ccPYf9Eg.res -plugin-opt=-pass-through=-lgcc_s -plugin-opt=-pass-through=-lgcc -plugin-opt=-pass-through=-lc -plugin-opt=-pass-through=-lgcc_s -plugin-opt=-pass-through=-lgcc --build-id --no-add-needed --eh-frame-hdr --hash-style=gnu -m elf_x86_64 -dynamic-linker /lib64/ld-linux-x86-64.so.2 -o cmTC_be989 /lib/../lib64/crt1.o /lib/../lib64/crti.o /opt/rh/devtoolset-9/root/usr/lib/gcc/x86_64-redhat-linux/9/crtbegin.o -L/opt/rh/devtoolset-9/root/usr/lib/gcc/x86_64-redhat-linux/9 -L/opt/rh/devtoolset-9/root/usr/lib/gcc/x86_64-redhat-linux/9/../../../../lib64 -L/lib/../lib64 -L/usr/lib/../lib64 -L/opt/rh/devtoolset-9/root/usr/lib/gcc/x86_64-redhat-linux/9/../../.. CMakeFiles/cmTC_be989.dir/CMakeCXXCompilerABI.cpp.o -lstdc++ -lm -lgcc_s -lgcc -lc -lgcc_s -lgcc /opt/rh/devtoolset-9/root/usr/lib/gcc/x86_64-redhat-linux/9/crtend.o /lib/../lib64/crtn.o
COLLECT_GCC_OPTIONS='-v' '-o' 'cmTC_be989' '-shared-libgcc' '-mtune=generic' '-march=x86-64'
gmake[1]: Leaving directory `/home/lk/index_rocksdb/learned-leveldb/build/CMakeFiles/CMakeTmp'



Parsed CXX implicit include dir info from above output: rv=done
  found start of include info
  found start of implicit include info
    add: [/opt/rh/devtoolset-9/root/usr/lib/gcc/x86_64-redhat-linux/9/../../../../include/c++/9]
    add: [/opt/rh/devtoolset-9/root/usr/lib/gcc/x86_64-redhat-linux/9/../../../../include/c++/9/x86_64-redhat-linux]
    add: [/opt/rh/devtoolset-9/root/usr/lib/gcc/x86_64-redhat-linux/9/../../../../include/c++/9/backward]
    add: [/opt/rh/devtoolset-9/root/usr/lib/gcc/x86_64-redhat-linux/9/include]
    add: [/usr/local/include]
    add: [/opt/rh/devtoolset-9/root/usr/include]
    add: [/usr/include]
  end of search list found
  collapse include dir [/opt/rh/devtoolset-9/root/usr/lib/gcc/x86_64-redhat-linux/9/../../../../include/c++/9] ==> [/opt/rh/devtoolset-9/root/usr/include/c++/9]
  collapse include dir [/opt/rh/devtoolset-9/root/usr/lib/gcc/x86_64-redhat-linux/9/../../../../include/c++/9/x86_64-redhat-linux] ==> [/opt/rh/devtoolset-9/root/usr/include/c++/9/x86_64-redhat-linux]
  collapse include dir [/opt/rh/devtoolset-9/root/usr/lib/gcc/x86_64-redhat-linux/9/../../../../include/c++/9/backward] ==> [/opt/rh/devtoolset-9/root/usr/include/c++/9/backward]
  collapse include dir [/opt/rh/devtoolset-9/root/usr/lib/gcc/x86_64-redhat-linux/9/include] ==> [/opt/rh/devtoolset-9/root/usr/lib/gcc/x86_64-redhat-linux/9/include]
  collapse include dir [/usr/local/include] ==> [/usr/local/include]
  collapse include dir [/opt/rh/devtoolset-9/root/usr/include] ==> [/opt/rh/devtoolset-9/root/usr/include]
  collapse include dir [/usr/include] ==> [/usr/include]
  implicit include dirs: [/opt/rh/devtoolset-9/root/usr/include/c++/9;/opt/rh/devtoolset-9/root/usr/include/c++/9/x86_64-redhat-linux;/opt/rh/devtoolset-9/root/usr/include/c++/9/backward;/opt/rh/devtoolset-9/root/usr/lib/gcc/x86_64-redhat-linux/9/include;/usr/local/include;/opt/rh/devtoolset-9/root/usr/include;/usr/include]


Parsed CXX implicit link information from above output:
  link line regex: [^( *|.*[/\])(ld|CMAKE_LINK_STARTFILE-NOTFOUND|([^/\]+-)?ld|collect2)[^/\]*( |$)]
  ignore line: [Change Dir: /home/lk/index_rocksdb/learned-leveldb/build/CMakeFiles/CMakeTmp]
  ignore line: []
  ignore line: [Run Build Command(s):/usr/bin/gmake cmTC_be989/fast && /usr/bin/gmake  -f CMakeFiles/cmTC_be989.dir/build.make CMakeFiles/cmTC_be989.dir/build]
  ignore line: [gmake[1]: Entering directory `/home/lk/index_rocksdb/learned-leveldb/build/CMakeFiles/CMakeTmp']
  ignore line: [Building CXX object CMakeFiles/cmTC_be989.dir/CMakeCXXCompilerABI.cpp.o]
  ignore line: [/opt/rh/devtoolset-9/root/usr/bin/c++    -v -o CMakeFiles/cmTC_be989.dir/CMakeCXXCompilerABI.cpp.o -c /usr/share/cmake3/Modules/CMakeCXXCompilerABI.cpp]
  ignore line: [Using built-in specs.]
  ignore line: [COLLECT_GCC=/opt/rh/devtoolset-9/root/usr/bin/c++]
  ignore line: [Target: x86_64-redhat-linux]
  ignore line: [Configured with: ../configure --enable-bootstrap --enable-languages=c c++ fortran lto --prefix=/opt/rh/devtoolset-9/root/usr --mandir=/opt/rh/devtoolset-9/root/usr/share/man --infodir=/opt/rh/devtoolset-9/root/usr/share/info --with-bugurl=http://bugzilla.redhat.com/bugzilla --enable-shared --enable-threads=posix --enable-checking=release --enable-multilib --with-system-zlib --enable-__cxa_atexit --disable-libunwind-exceptions --enable-gnu-unique-object --enable-linker-build-id --with-gcc-major-version-only --with-linker-hash-style=gnu --with-default-libstdcxx-abi=gcc4-compatible --enable-plugin --enable-initfini-array --with-isl=/builddir/build/BUILD/gcc-9.3.1-20200408/obj-x86_64-redhat-linux/isl-install --disable-libmpx --enable-gnu-indirect-function --with-tune=generic --with-arch_32=x86-64 --build=x86_64-redhat-linux]
  ignore line: [Thread model: posix]
  ignore line: [gcc version 9.3.1 20200408 (Red Hat 9.3.1-2) (GCC) ]
  ignore line: [COLLECT_GCC_OPTIONS='-v' '-o' 'CMakeFiles/cmTC_be989.dir/CMakeCXXCompilerABI.cpp.o' '-c' '-shared-libgcc' '-mtune=generic' '-march=x86-64']
  ignore line: [ /opt/rh/devtoolset-9/root/usr/libexec/gcc/x86_64-redhat-linux/9/cc1plus -quiet -v -D_GNU_SOURCE /usr/share/cmake3/Modules/CMakeCXXCompilerABI.cpp -quiet -dumpbase CMakeCXXCompilerABI.cpp -mtune=generic -march=x86-64 -auxbase-strip CMakeFiles/cmTC_be989.dir/CMakeCXXCompilerABI.cpp.o -version -o /tmp/cc2ehAVa.s]
  ignore line: [GNU C++14 (GCC) version 9.3.1 20200408 (Red Hat 9.3.1-2) (x86_64-redhat-linux)]
  ignore line: [	compiled by GNU C version 9.3.1 20200408 (Red Hat 9.3.1-2)  GMP version 6.0.0  MPFR version 3.1.1  MPC version 1.0.1  isl version isl-0.16.1-GMP]
  ignore line: []
  ignore line: [GGC heuristics: --param ggc-min-expand=100 --param ggc-min-heapsize=131072]
  ignore line: [ignoring nonexistent directory "/opt/rh/devtoolset-9/root/usr/lib/gcc/x86_64-redhat-linux/9/include-fixed"]
  ignore line: [ignoring nonexistent directory "/opt/rh/devtoolset-9/root/usr/lib/gcc/x86_64-redhat-linux/9/../../../../x86_64-redhat-linux/include"]
  ignore line: [#include "..." search starts here:]
  ignore line: [#include <...> search starts here:]
  ignore line: [ /opt/rh/devtoolset-9/root/usr/lib/gcc/x86_64-redhat-linux/9/../../../../include/c++/9]
  ignore line: [ /opt/rh/devtoolset-9/root/usr/lib/gcc/x86_64-redhat-linux/9/../../../../include/c++/9/x86_64-redhat-linux]
  ignore line: [ /opt/rh/devtoolset-9/root/usr/lib/gcc/x86_64-redhat-linux/9/../../../../include/c++/9/backward]
  ignore line: [ /opt/rh/devtoolset-9/root/usr/lib/gcc/x86_64-redhat-linux/9/include]
  ignore line: [ /usr/local/include]
  ignore line: [ /opt/rh/devtoolset-9/root/usr/include]
  ignore line: [ /usr/include]
  ignore line: [End of search list.]
  ignore line: [GNU C++14 (GCC) version 9.3.1 20200408 (Red Hat 9.3.1-2) (x86_64-redhat-linux)]
  ignore line: [	compiled by GNU C version 9.3.1 20200408 (Red Hat 9.3.1-2)  GMP version 6.0.0  MPFR version 3.1.1  MPC version 1.0.1  isl version isl-0.16.1-GMP]
  ignore line: []
  ignore line: [GGC heuristics: --param ggc-min-expand=100 --param ggc-min-heapsize=131072]
  ignore line: [Compiler executable checksum: f9f1d407bd5ba6ce64aae66ae4d26681]
  ignore line: [COLLECT_GCC_OPTIONS='-v' '-o' 'CMakeFiles/cmTC_be989.dir/CMakeCXXCompilerABI.cpp.o' '-c' '-shared-libgcc' '-mtune=generic' '-march=x86-64']
  ignore line: [ /opt/rh/devtoolset-9/root/usr/libexec/gcc/x86_64-redhat-linux/9/as -v --64 -o CMakeFiles/cmTC_be989.dir/CMakeCXXCompilerABI.cpp.o /tmp/cc2ehAVa.s]
  ignore line: [GNU assembler version 2.32 (x86_64-redhat-linux) using BFD version version 2.32-16.el7]
  ignore line: [COMPILER_PATH=/opt/rh/devtoolset-9/root/usr/libexec/gcc/x86_64-redhat-linux/9/:/opt/rh/devtoolset-9/root/usr/libexec/gcc/x86_64-redhat-linux/9/:/opt/rh/devtoolset-9/root/usr/libexec/gcc/x86_64-redhat-linux/:/opt/rh/devtoolset-9/root/usr/lib/gcc/x86_64-redhat-linux/9/:/opt/rh/devtoolset-9/root/usr/lib/gcc/x86_64-redhat-linux/]
  ignore line: [LIBRARY_PATH=/opt/rh/devtoolset-9/root/usr/lib/gcc/x86_64-redhat-linux/9/:/opt/rh/devtoolset-9/root/usr/lib/gcc/x86_64-redhat-linux/9/../../../../lib64/:/lib/../lib64/:/usr/lib/../lib64/:/opt/rh/devtoolset-9/root/usr/lib/gcc/x86_64-redhat-linux/9/../../../:/lib/:/usr/lib/]
  ignore line: [COLLECT_GCC_OPTIONS='-v' '-o' 'CMakeFiles/cmTC_be989.dir/CMakeCXXCompilerABI.cpp.o' '-c' '-shared-libgcc' '-mtune=generic' '-march=x86-64']
  ignore line: [Linking CXX executable cmTC_be989]
  ignore line: [/usr/bin/cmake3 -E cmake_link_script CMakeFiles/cmTC_be989.dir/link.txt --verbose=1]
  ignore line: [/opt/rh/devtoolset-9/root/usr/bin/c++      -v CMakeFiles/cmTC_be989.dir/CMakeCXXCompilerABI.cpp.o  -o cmTC_be989 ]
  ignore line: [Using built-in specs.]
  ignore line: [COLLECT_GCC=/opt/rh/devtoolset-9/root/usr/bin/c++]
  ignore line: [COLLECT_LTO_WRAPPER=/opt/rh/devtoolset-9/root/usr/libexec/gcc/x86_64-redhat-linux/9/lto-wrapper]
  ignore line: [Target: x86_64-redhat-linux]
  ignore line: [Configured with: ../configure --enable-bootstrap --enable-languages=c c++ fortran lto --prefix=/opt/rh/devtoolset-9/root/usr --mandir=/opt/rh/devtoolset-9/root/usr/share/man --infodir=/opt/rh/devtoolset-9/root/usr/share/info --with-bugurl=http://bugzilla.redhat.com/bugzilla --enable-shared --enable-threads=posix --enable-checking=release --enable-multilib --with-system-zlib --enable-__cxa_atexit --disable-libunwind-exceptions --enable-gnu-unique-object --enable-linker-build-id --with-gcc-major-version-only --with-linker-hash-style=gnu --with-default-libstdcxx-abi=gcc4-compatible --enable-plugin --enable-initfini-array --with-isl=/builddir/build/BUILD/gcc-9.3.1-20200408/obj-x86_64-redhat-linux/isl-install --disable-libmpx --enable-gnu-indirect-function --with-tune=generic --with-arch_32=x86-64 --build=x86_64-redhat-linux]
  ignore line: [Thread model: posix]
  ignore line: [gcc version 9.3.1 20200408 (Red Hat 9.3.1-2) (GCC) ]
  ignore line: [COMPILER_PATH=/opt/rh/devtoolset-9/root/usr/libexec/gcc/x86_64-redhat-linux/9/:/opt/rh/devtoolset-9/root/usr/libexec/gcc/x86_64-redhat-linux/9/:/opt/rh/devtoolset-9/root/usr/libexec/gcc/x86_64-redhat-linux/:/opt/rh/devtoolset-9/root/usr/lib/gcc/x86_64-redhat-linux/9/:/opt/rh/devtoolset-9/root/usr/lib/gcc/x86_64-redhat-linux/]
  ignore line: [LIBRARY_PATH=/opt/rh/devtoolset-9/root/usr/lib/gcc/x86_64-redhat-linux/9/:/opt/rh/devtoolset-9/root/usr/lib/gcc/x86_64-redhat-linux/9/../../../../lib64/:/lib/../lib64/:/usr/lib/../lib64/:/opt/rh/devtoolset-9/root/usr/lib/gcc/x86_64-redhat-linux/9/../../../:/lib/:/usr/lib/]
  ignore line: [COLLECT_GCC_OPTIONS='-v' '-o' 'cmTC_be989' '-shared-libgcc' '-mtune=generic' '-march=x86-64']
  link line: [ /opt/rh/devtoolset-9/root/usr/libexec/gcc/x86_64-redhat-linux/9/collect2 -plugin /opt/rh/devtoolset-9/root/usr/libexec/gcc/x86_64-redhat-linux/9/liblto_plugin.so -plugin-opt=/opt/rh/devtoolset-9/root/usr/libexec/gcc/x86_64-redhat-linux/9/lto-wrapper -plugin-opt=-fresolution=/tmp/ccPYf9Eg.res -plugin-opt=-pass-through=-lgcc_s -plugin-opt=-pass-through=-lgcc -plugin-opt=-pass-through=-lc -plugin-opt=-pass-through=-lgcc_s -plugin-opt=-pass-through=-lgcc --build-id --no-add-needed --eh-frame-hdr --hash-style=gnu -m elf_x86_64 -dynamic-linker /lib64/ld-linux-x86-64.so.2 -o cmTC_be989 /lib/../lib64/crt1.o /lib/../lib64/crti.o /opt/rh/devtoolset-9/root/usr/lib/gcc/x86_64-redhat-linux/9/crtbegin.o -L/opt/rh/devtoolset-9/root/usr/lib/gcc/x86_64-redhat-linux/9 -L/opt/rh/devtoolset-9/root/usr/lib/gcc/x86_64-redhat-linux/9/../../../../lib64 -L/lib/../lib64 -L/usr/lib/../lib64 -L/opt/rh/devtoolset-9/root/usr/lib/gcc/x86_64-redhat-linux/9/../../.. CMakeFiles/cmTC_be989.dir/CMakeCXXCompilerABI.cpp.o -lstdc++ -lm -lgcc_s -lgcc -lc -lgcc_s -lgcc /opt/rh/devtoolset-9/root/usr/lib/gcc/x86_64-redhat-linux/9/crtend.o /lib/../lib64/crtn.o]
    arg [/opt/rh/devtoolset-9/root/usr/libexec/gcc/x86_64-redhat-linux/9/collect2] ==> ignore
    arg [-plugin] ==> ignore
    arg [/opt/rh/devtoolset-9/root/usr/libexec/gcc/x86_64-redhat-linux/9/liblto_plugin.so] ==> ignore
    arg [-plugin-opt=/opt/rh/devtoolset-9/root/usr/libexec/gcc/x86_64-redhat-linux/9/lto-wrapper] ==> ignore
    arg [-plugin-opt=-fresolution=/tmp/ccPYf9Eg.res] ==> ignore
    arg [-plugin-opt=-pass-through=-lgcc_s] ==> ignore
    arg [-plugin-opt=-pass-through=-lgcc] ==> ignore
    arg [-plugin-opt=-pass-through=-lc] ==> ignore
    arg [-plugin-opt=-pass-through=-lgcc_s] ==> ignore
    arg [-plugin-opt=-pass-through=-lgcc] ==> ignore
    arg [--build-id] ==> ignore
    arg [--no-add-needed] ==> ignore
    arg [--eh-frame-hdr] ==> ignore
    arg [--hash-style=gnu] ==> ignore
    arg [-m] ==> ignore
    arg [elf_x86_64] ==> ignore
    arg [-dynamic-linker] ==> ignore
    arg [/lib64/ld-linux-x86-64.so.2] ==> ignore
    arg [-o] ==> ignore
    arg [cmTC_be989] ==> ignore
    arg [/lib/../lib64/crt1.o] ==> ignore
    arg [/lib/../lib64/crti.o] ==> ignore
    arg [/opt/rh/devtoolset-9/root/usr/lib/gcc/x86_64-redhat-linux/9/crtbegin.o] ==> ignore
    arg [-L/opt/rh/devtoolset-9/root/usr/lib/gcc/x86_64-redhat-linux/9] ==> dir [/opt/rh/devtoolset-9/root/usr/lib/gcc/x86_64-redhat-linux/9]
    arg [-L/opt/rh/devtoolset-9/root/usr/lib/gcc/x86_64-redhat-linux/9/../../../../lib64] ==> dir [/opt/rh/devtoolset-9/root/usr/lib/gcc/x86_64-redhat-linux/9/../../../../lib64]
    arg [-L/lib/../lib64] ==> dir [/lib/../lib64]
    arg [-L/usr/lib/../lib64] ==> dir [/usr/lib/../lib64]
    arg [-L/opt/rh/devtoolset-9/root/usr/lib/gcc/x86_64-redhat-linux/9/../../..] ==> dir [/opt/rh/devtoolset-9/root/usr/lib/gcc/x86_64-redhat-linux/9/../../..]
    arg [CMakeFiles/cmTC_be989.dir/CMakeCXXCompilerABI.cpp.o] ==> ignore
    arg [-lstdc++] ==> lib [stdc++]
    arg [-lm] ==> lib [m]
    arg [-lgcc_s] ==> lib [gcc_s]
    arg [-lgcc] ==> lib [gcc]
    arg [-lc] ==> lib [c]
    arg [-lgcc_s] ==> lib [gcc_s]
    arg [-lgcc] ==> lib [gcc]
    arg [/opt/rh/devtoolset-9/root/usr/lib/gcc/x86_64-redhat-linux/9/crtend.o] ==> ignore
    arg [/lib/../lib64/crtn.o] ==> ignore
  collapse library dir [/opt/rh/devtoolset-9/root/usr/lib/gcc/x86_64-redhat-linux/9] ==> [/opt/rh/devtoolset-9/root/usr/lib/gcc/x86_64-redhat-linux/9]
  collapse library dir [/opt/rh/devtoolset-9/root/usr/lib/gcc/x86_64-redhat-linux/9/../../../../lib64] ==> [/opt/rh/devtoolset-9/root/usr/lib64]
  collapse library dir [/lib/../lib64] ==> [/lib64]
  collapse library dir [/usr/lib/../lib64] ==> [/usr/lib64]
  collapse library dir [/opt/rh/devtoolset-9/root/usr/lib/gcc/x86_64-redhat-linux/9/../../..] ==> [/opt/rh/devtoolset-9/root/usr/lib]
  implicit libs: [stdc++;m;gcc_s;gcc;c;gcc_s;gcc]
  implicit dirs: [/opt/rh/devtoolset-9/root/usr/lib/gcc/x86_64-redhat-linux/9;/opt/rh/devtoolset-9/root/usr/lib64;/lib64;/usr/lib64;/opt/rh/devtoolset-9/root/usr/lib]
  implicit fwks: []


Determining if the include file sys/types.h exists passed with the following output:
Change Dir: /home/lk/index_rocksdb/learned-leveldb/build/CMakeFiles/CMakeTmp

Run Build Command(s):/usr/bin/gmake cmTC_2d167/fast && /usr/bin/gmake  -f CMakeFiles/cmTC_2d167.dir/build.make CMakeFiles/cmTC_2d167.dir/build
gmake[1]: Entering directory `/home/lk/index_rocksdb/learned-leveldb/build/CMakeFiles/CMakeTmp'
Building C object CMakeFiles/cmTC_2d167.dir/CheckIncludeFile.c.o
/opt/rh/devtoolset-9/root/usr/bin/cc    -o CMakeFiles/cmTC_2d167.dir/CheckIncludeFile.c.o   -c /home/lk/index_rocksdb/learned-leveldb/build/CMakeFiles/CMakeTmp/CheckIncludeFile.c
Linking C executable cmTC_2d167
/usr/bin/cmake3 -E cmake_link_script CMakeFiles/cmTC_2d167.dir/link.txt --verbose=1
/opt/rh/devtoolset-9/root/usr/bin/cc      CMakeFiles/cmTC_2d167.dir/CheckIncludeFile.c.o  -o cmTC_2d167 
gmake[1]: Leaving directory `/home/lk/index_rocksdb/learned-leveldb/build/CMakeFiles/CMakeTmp'



Determining if the include file stdint.h exists passed with the following output:
Change Dir: /home/lk/index_rocksdb/learned-leveldb/build/CMakeFiles/CMakeTmp

Run Build Command(s):/usr/bin/gmake cmTC_da9d7/fast && /usr/bin/gmake  -f CMakeFiles/cmTC_da9d7.dir/build.make CMakeFiles/cmTC_da9d7.dir/build
gmake[1]: Entering directory `/home/lk/index_rocksdb/learned-leveldb/build/CMakeFiles/CMakeTmp'
Building C object CMakeFiles/cmTC_da9d7.dir/CheckIncludeFile.c.o
/opt/rh/devtoolset-9/root/usr/bin/cc    -o CMakeFiles/cmTC_da9d7.dir/CheckIncludeFile.c.o   -c /home/lk/index_rocksdb/learned-leveldb/build/CMakeFiles/CMakeTmp/CheckIncludeFile.c
Linking C executable cmTC_da9d7
/usr/bin/cmake3 -E cmake_link_script CMakeFiles/cmTC_da9d7.dir/link.txt --verbose=1
/opt/rh/devtoolset-9/root/usr/bin/cc      CMakeFiles/cmTC_da9d7.dir/CheckIncludeFile.c.o  -o cmTC_da9d7 
gmake[1]: Leaving directory `/home/lk/index_rocksdb/learned-leveldb/build/CMakeFiles/CMakeTmp'



Determining if the include file stddef.h exists passed with the following output:
Change Dir: /home/lk/index_rocksdb/learned-leveldb/build/CMakeFiles/CMakeTmp

Run Build Command(s):/usr/bin/gmake cmTC_0bb38/fast && /usr/bin/gmake  -f CMakeFiles/cmTC_0bb38.dir/build.make CMakeFiles/cmTC_0bb38.dir/build
gmake[1]: Entering directory `/home/lk/index_rocksdb/learned-leveldb/build/CMakeFiles/CMakeTmp'
Building C object CMakeFiles/cmTC_0bb38.dir/CheckIncludeFile.c.o
/opt/rh/devtoolset-9/root/usr/bin/cc    -o CMakeFiles/cmTC_0bb38.dir/CheckIncludeFile.c.o   -c /home/lk/index_rocksdb/learned-leveldb/build/CMakeFiles/CMakeTmp/CheckIncludeFile.c
Linking C executable cmTC_0bb38
/usr/bin/cmake3 -E cmake_link_script CMakeFiles/cmTC_0bb38.dir/link.txt --verbose=1
/opt/rh/devtoolset-9/root/usr/bin/cc      CMakeFiles/cmTC_0bb38.dir/CheckIncludeFile.c.o  -o cmTC_0bb38 
gmake[1]: Leaving directory `/home/lk/index_rocksdb/learned-leveldb/build/CMakeFiles/CMakeTmp'



Determining size of unsigned short passed with the following output:
Change Dir: /home/lk/index_rocksdb/learned-leveldb/build/CMakeFiles/CMakeTmp

Run Build Command(s):/usr/bin/gmake cmTC_3ac3b/fast && /usr/bin/gmake  -f CMakeFiles/cmTC_3ac3b.dir/build.make CMakeFiles/cmTC_3ac3b.dir/build
gmake[1]: Entering directory `/home/lk/index_rocksdb/learned-leveldb/build/CMakeFiles/CMakeTmp'
Building C object CMakeFiles/cmTC_3ac3b.dir/CMAKE_SIZEOF_UNSIGNED_SHORT.c.o
/opt/rh/devtoolset-9/root/usr/bin/cc    -o CMakeFiles/cmTC_3ac3b.dir/CMAKE_SIZEOF_UNSIGNED_SHORT.c.o   -c /home/lk/index_rocksdb/learned-leveldb/build/CMakeFiles/CheckTypeSize/CMAKE_SIZEOF_UNSIGNED_SHORT.c
Linking C executable cmTC_3ac3b
/usr/bin/cmake3 -E cmake_link_script CMakeFiles/cmTC_3ac3b.dir/link.txt --verbose=1
/opt/rh/devtoolset-9/root/usr/bin/cc      CMakeFiles/cmTC_3ac3b.dir/CMAKE_SIZEOF_UNSIGNED_SHORT.c.o  -o cmTC_3ac3b 
gmake[1]: Leaving directory `/home/lk/index_rocksdb/learned-leveldb/build/CMakeFiles/CMakeTmp'



Determining if the system is big endian passed with the following output:
Change Dir: /home/lk/index_rocksdb/learned-leveldb/build/CMakeFiles/CMakeTmp

Run Build Command(s):/usr/bin/gmake cmTC_681d3/fast && /usr/bin/gmake  -f CMakeFiles/cmTC_681d3.dir/build.make CMakeFiles/cmTC_681d3.dir/build
gmake[1]: Entering directory `/home/lk/index_rocksdb/learned-leveldb/build/CMakeFiles/CMakeTmp'
Building C object CMakeFiles/cmTC_681d3.dir/TestEndianess.c.o
/opt/rh/devtoolset-9/root/usr/bin/cc    -o CMakeFiles/cmTC_681d3.dir/TestEndianess.c.o   -c /home/lk/index_rocksdb/learned-leveldb/build/CMakeFiles/CMakeTmp/TestEndianess.c
Linking C executable cmTC_681d3
/usr/bin/cmake3 -E cmake_link_script CMakeFiles/cmTC_681d3.dir/link.txt --verbose=1
/opt/rh/devtoolset-9/root/usr/bin/cc      CMakeFiles/cmTC_681d3.dir/TestEndianess.c.o  -o cmTC_681d3 
gmake[1]: Leaving directory `/home/lk/index_rocksdb/learned-leveldb/build/CMakeFiles/CMakeTmp'


TestEndianess.c:
/* A 16 bit integer is required. */
typedef unsigned short cmakeint16;

/* On a little endian machine, these 16bit ints will give "THIS IS LITTLE ENDIAN."
   On a big endian machine the characters will be exchanged pairwise. */
const cmakeint16 info_little[] =  {0x4854, 0x5349, 0x4920, 0x2053, 0x494c, 0x5454, 0x454c, 0x4520, 0x444e, 0x4149, 0x2e4e, 0x0000};

/* on a big endian machine, these 16bit ints will give "THIS IS BIG ENDIAN."
   On a little endian machine the characters will be exchanged pairwise. */
const cmakeint16 info_big[] =     {0x5448, 0x4953, 0x2049, 0x5320, 0x4249, 0x4720, 0x454e, 0x4449, 0x414e, 0x2e2e, 0x0000};

#ifdef __CLASSIC_C__
int main(argc, argv) int argc; char *argv[];
#else
int main(int argc, char *argv[])
#endif
{
  int require = 0;
  require += info_little[argc];
  require += info_big[argc];
  (void)argv;
  return require;
}


Determining if the include file unistd.h exists passed with the following output:
Change Dir: /home/lk/index_rocksdb/learned-leveldb/build/CMakeFiles/CMakeTmp

Run Build Command(s):/usr/bin/gmake cmTC_408c3/fast && /usr/bin/gmake  -f CMakeFiles/cmTC_408c3.dir/build.make CMakeFiles/cmTC_408c3.dir/build
gmake[1]: Entering directory `/home/lk/index_rocksdb/learned-leveldb/build/CMakeFiles/CMakeTmp'
Building C object CMakeFiles/cmTC_408c3.dir/CheckIncludeFile.c.o
/opt/rh/devtoolset-9/root/usr/bin/cc    -o CMakeFiles/cmTC_408c3.dir/CheckIncludeFile.c.o   -c /home/lk/index_rocksdb/learned-leveldb/build/CMakeFiles/CMakeTmp/CheckIncludeFile.c
Linking C executable cmTC_408c3
/usr/bin/cmake3 -E cmake_link_script CMakeFiles/cmTC_408c3.dir/link.txt --verbose=1
/opt/rh/devtoolset-9/root/usr/bin/cc      CMakeFiles/cmTC_408c3.dir/CheckIncludeFile.c.o  -o cmTC_408c3 
gmake[1]: Leaving directory `/home/lk/index_rocksdb/learned-leveldb/build/CMakeFiles/CMakeTmp'



Determining if the function snappy_compress exists in the snappy passed with the following output:
Change Dir: /home/lk/index_rocksdb/learned-leveldb/build/CMakeFiles/CMakeTmp

Run Build Command(s):/usr/bin/gmake cmTC_687ea/fast && /usr/bin/gmake  -f CMakeFiles/cmTC_687ea.dir/build.make CMakeFiles/cmTC_687ea.dir/build
gmake[1]: Entering directory `/home/lk/index_rocksdb/learned-leveldb/build/CMakeFiles/CMakeTmp'
Building C object CMakeFiles/cmTC_687ea.dir/CheckFunctionExists.c.o
/opt/rh/devtoolset-9/root/usr/bin/cc   -DCHECK_FUNCTION_EXISTS=snappy_compress   -o CMakeFiles/cmTC_687ea.dir/CheckFunctionExists.c.o   -c /usr/share/cmake3/Modules/CheckFunctionExists.c
Linking C executable cmTC_687ea
/usr/bin/cmake3 -E cmake_link_script CMakeFiles/cmTC_687ea.dir/link.txt --verbose=1
/opt/rh/devtoolset-9/root/usr/bin/cc  -DCHECK_FUNCTION_EXISTS=snappy_compress    CMakeFiles/cmTC_687ea.dir/CheckFunctionExists.c.o  -o cmTC_687ea  -lsnappy 
gmake[1]: Leaving directory `/home/lk/index_rocksdb/learned-leveldb/build/CMakeFiles/CMakeTmp'



Determining if the function malloc exists in the tcmalloc passed with the following output:
Change Dir: /home/lk/index_rocksdb/learned-leveldb/build/CMakeFiles/CMakeTmp

Run Build Command(s):/usr/bin/gmake cmTC_35a77/fast && /usr/bin/gmake  -f CMakeFiles/cmTC_35a77.dir/build.make CMakeFiles/cmTC_35a77.dir/build
gmake[1]: Entering directory `/home/lk/index_rocksdb/learned-leveldb/build/CMakeFiles/CMakeTmp'
Building C object CMakeFiles/cmTC_35a77.dir/CheckFunctionExists.c.o
/opt/rh/devtoolset-9/root/usr/bin/cc   -DCHECK_FUNCTION_EXISTS=malloc   -o CMakeFiles/cmTC_35a77.dir/CheckFunctionExists.c.o   -c /usr/share/cmake3/Modules/CheckFunctionExists.c
<command-line>: warning: conflicting types for built-in function malloc; expected void *(long unsigned int) [-Wbuiltin-declaration-mismatch]
/usr/share/cmake3/Modules/CheckFunctionExists.c:7:3: note: in expansion of macro CHECK_FUNCTION_EXISTS
    7 |   CHECK_FUNCTION_EXISTS(void);
      |   ^~~~~~~~~~~~~~~~~~~~~
/usr/share/cmake3/Modules/CheckFunctionExists.c:1:1: note: malloc is declared in header <stdlib.h>
  +++ |+#include <stdlib.h>
    1 | #ifdef CHECK_FUNCTION_EXISTS
Linking C executable cmTC_35a77
/usr/bin/cmake3 -E cmake_link_script CMakeFiles/cmTC_35a77.dir/link.txt --verbose=1
/opt/rh/devtoolset-9/root/usr/bin/cc  -DCHECK_FUNCTION_EXISTS=malloc    CMakeFiles/cmTC_35a77.dir/CheckFunctionExists.c.o  -o cmTC_35a77  -ltcmalloc 
gmake[1]: Leaving directory `/home/lk/index_rocksdb/learned-leveldb/build/CMakeFiles/CMakeTmp'



Determining if the fdatasync exist passed with the following output:
Change Dir: /home/lk/index_rocksdb/learned-leveldb/build/CMakeFiles/CMakeTmp

Run Build Command(s):/usr/bin/gmake cmTC_63932/fast && /usr/bin/gmake  -f CMakeFiles/cmTC_63932.dir/build.make CMakeFiles/cmTC_63932.dir/build
gmake[1]: Entering directory `/home/lk/index_rocksdb/learned-leveldb/build/CMakeFiles/CMakeTmp'
Building CXX object CMakeFiles/cmTC_63932.dir/CheckSymbolExists.cxx.o
/opt/rh/devtoolset-9/root/usr/bin/c++     -o CMakeFiles/cmTC_63932.dir/CheckSymbolExists.cxx.o -c /home/lk/index_rocksdb/learned-leveldb/build/CMakeFiles/CMakeTmp/CheckSymbolExists.cxx
Linking CXX executable cmTC_63932
/usr/bin/cmake3 -E cmake_link_script CMakeFiles/cmTC_63932.dir/link.txt --verbose=1
/opt/rh/devtoolset-9/root/usr/bin/c++       CMakeFiles/cmTC_63932.dir/CheckSymbolExists.cxx.o  -o cmTC_63932 
gmake[1]: Leaving directory `/home/lk/index_rocksdb/learned-leveldb/build/CMakeFiles/CMakeTmp'


File /home/lk/index_rocksdb/learned-leveldb/build/CMakeFiles/CMakeTmp/CheckSymbolExists.cxx:
/* */
#include <unistd.h>

int main(int argc, char** argv)
{
  (void)argv;
#ifndef fdatasync
  return ((int*)(&fdatasync))[argc];
#else
  (void)argc;
  return 0;
#endif
}
Performing C++ SOURCE FILE Test HAVE_CXX17_HAS_INCLUDE succeeded with the following output:
Change Dir: /home/lk/index_rocksdb/learned-leveldb/build/CMakeFiles/CMakeTmp

Run Build Command(s):/usr/bin/gmake cmTC_bff9c/fast && /usr/bin/gmake  -f CMakeFiles/cmTC_bff9c.dir/build.make CMakeFiles/cmTC_bff9c.dir/build
gmake[1]: Entering directory `/home/lk/index_rocksdb/learned-leveldb/build/CMakeFiles/CMakeTmp'
Building CXX object CMakeFiles/cmTC_bff9c.dir/src.cxx.o
/opt/rh/devtoolset-9/root/usr/bin/c++    -DHAVE_CXX17_HAS_INCLUDE -Werror   -o CMakeFiles/cmTC_bff9c.dir/src.cxx.o -c /home/lk/index_rocksdb/learned-leveldb/build/CMakeFiles/CMakeTmp/src.cxx
Linking CXX executable cmTC_bff9c
/usr/bin/cmake3 -E cmake_link_script CMakeFiles/cmTC_bff9c.dir/link.txt --verbose=1
/opt/rh/devtoolset-9/root/usr/bin/c++   -DHAVE_CXX17_HAS_INCLUDE -Werror    CMakeFiles/cmTC_bff9c.dir/src.cxx.o  -o cmTC_bff9c 
gmake[1]: Leaving directory `/home/lk/index_rocksdb/learned-leveldb/build/CMakeFiles/CMakeTmp'


Source file was:

#if defined(__has_include) &&  __has_include(<string>)
#include <string>
#endif
int main() { std::string str; return 0; }

Determining if the include file pthread.h exists passed with the following output:
Change Dir: /home/lk/index_rocksdb/learned-leveldb/build/CMakeFiles/CMakeTmp

Run Build Command(s):/usr/bin/gmake cmTC_6a86b/fast && /usr/bin/gmake  -f CMakeFiles/cmTC_6a86b.dir/build.make CMakeFiles/cmTC_6a86b.dir/build
gmake[1]: Entering directory `/home/lk/index_rocksdb/learned-leveldb/build/CMakeFiles/CMakeTmp'
Building C object CMakeFiles/cmTC_6a86b.dir/CheckIncludeFile.c.o
/opt/rh/devtoolset-9/root/usr/bin/cc   -Werror   -o CMakeFiles/cmTC_6a86b.dir/CheckIncludeFile.c.o   -c /home/lk/index_rocksdb/learned-leveldb/build/CMakeFiles/CMakeTmp/CheckIncludeFile.c
Linking C executable cmTC_6a86b
/usr/bin/cmake3 -E cmake_link_script CMakeFiles/cmTC_6a86b.dir/link.txt --verbose=1
/opt/rh/devtoolset-9/root/usr/bin/cc  -Werror    CMakeFiles/cmTC_6a86b.dir/CheckIncludeFile.c.o  -o cmTC_6a86b 
gmake[1]: Leaving directory `/home/lk/index_rocksdb/learned-leveldb/build/CMakeFiles/CMakeTmp'



Determining if the function pthread_create exists in the pthread passed with the following output:
Change Dir: /home/lk/index_rocksdb/learned-leveldb/build/CMakeFiles/CMakeTmp

Run Build Command(s):/usr/bin/gmake cmTC_d1f08/fast && /usr/bin/gmake  -f CMakeFiles/cmTC_d1f08.dir/build.make CMakeFiles/cmTC_d1f08.dir/build
gmake[1]: Entering directory `/home/lk/index_rocksdb/learned-leveldb/build/CMakeFiles/CMakeTmp'
Building C object CMakeFiles/cmTC_d1f08.dir/CheckFunctionExists.c.o
/opt/rh/devtoolset-9/root/usr/bin/cc   -DCHECK_FUNCTION_EXISTS=pthread_create -Werror   -o CMakeFiles/cmTC_d1f08.dir/CheckFunctionExists.c.o   -c /usr/share/cmake3/Modules/CheckFunctionExists.c
Linking C executable cmTC_d1f08
/usr/bin/cmake3 -E cmake_link_script CMakeFiles/cmTC_d1f08.dir/link.txt --verbose=1
/opt/rh/devtoolset-9/root/usr/bin/cc  -DCHECK_FUNCTION_EXISTS=pthread_create -Werror    CMakeFiles/cmTC_d1f08.dir/CheckFunctionExists.c.o  -o cmTC_d1f08  -lpthread 
gmake[1]: Leaving directory `/home/lk/index_rocksdb/learned-leveldb/build/CMakeFiles/CMakeTmp'



